<?xml version="1.0" encoding="UTF-8"?>
<testsuite xmlns:xsi="http://www.w3.org/2001/XMLSchema-instance" xsi:noNamespaceSchemaLocation="https://maven.apache.org/surefire/maven-surefire-plugin/xsd/surefire-test-report-3.0.xsd" version="3.0" name="ar.unrn.tp.jpa.servicios.DescuentoServiceTest" time="1.028" tests="2" errors="0" skipped="0" failures="0">
  <properties>
[...]
</properties>
  <testcase name="Should_BeTrue_When_ASaleDiscountIsCreated" classname="ar.unrn.tp.jpa.servicios.DescuentoServiceTest" time="0.643">
    <system-out><![CDATA[14:49:32.373 [main] INFO org.hibernate.jpa.internal.util.LogHelper -- HHH000204: Processing PersistenceUnitInfo [name: jpa-derby-embedded]
14:49:32.376 [main] WARN org.hibernate.orm.deprecation -- HHH90000021: Encountered deprecated setting [javax.persistence.jdbc.user], use [jakarta.persistence.jdbc.user] instead
14:49:32.376 [main] WARN org.hibernate.orm.deprecation -- HHH90000021: Encountered deprecated setting [javax.persistence.jdbc.password], use [jakarta.persistence.jdbc.password] instead
14:49:32.376 [main] WARN org.hibernate.orm.deprecation -- HHH90000021: Encountered deprecated setting [javax.persistence.jdbc.url], use [jakarta.persistence.jdbc.url] instead
14:49:32.376 [main] WARN org.hibernate.orm.deprecation -- HHH90000021: Encountered deprecated setting [javax.persistence.jdbc.driver], use [jakarta.persistence.jdbc.driver] instead
14:49:32.473 [main] WARN org.hibernate.orm.connections.pooling -- HHH10001002: Using built-in connection pool (not intended for production use)
14:49:32.473 [main] INFO org.hibernate.orm.connections.pooling -- HHH10001005: Loaded JDBC driver class: org.apache.derby.jdbc.EmbeddedDriver
14:49:32.474 [main] INFO org.hibernate.orm.connections.pooling -- HHH10001012: Connecting with JDBC URL [jdbc:derby:memory:userauth;create=true]
14:49:32.474 [main] INFO org.hibernate.orm.connections.pooling -- HHH10001001: Connection properties: {password=****, user=app}
14:49:32.474 [main] INFO org.hibernate.orm.connections.pooling -- HHH10001003: Autocommit mode: false
14:49:32.474 [main] INFO org.hibernate.orm.connections.pooling -- HHH10001115: Connection pool size: 20 (min=1)
14:49:32.526 [main] INFO org.hibernate.bytecode.internal.BytecodeProviderInitiator -- HHH000021: Bytecode provider name : bytebuddy
14:49:32.660 [main] INFO org.hibernate.engine.transaction.jta.platform.internal.JtaPlatformInitiator -- HHH000490: Using JtaPlatform implementation: [org.hibernate.engine.transaction.jta.platform.internal.NoJtaPlatform]
Hibernate: alter table Producto drop constraint FK1c1lfcsftxf2tsvnljv4hh9or
14:49:32.660 [main] INFO org.hibernate.orm.connections.access -- HHH10001501: Connection obtained from JdbcConnectionAccess [org.hibernate.engine.jdbc.env.internal.JdbcEnvironmentInitiator$ConnectionProviderJdbcConnectionAccess@40d73518] for (non-JTA) DDL execution was not in auto-commit mode; the Connection 'local transaction' will be committed and the Connection will be set into auto-commit mode.
Hibernate: alter table producto_vendido drop constraint FK57pwr6kpagunintlgs3foe07h
Hibernate: alter table producto_vendido drop constraint FK19ifg5dswmjghfh6yj7sycinm
Hibernate: alter table Promocion drop constraint FK3acoavp2lmq4r6i474na3lga8
Hibernate: alter table Tarjeta drop constraint FKrehkv3i3agm32o92t5ekpdbni
Hibernate: alter table Venta drop constraint FKbv0rwi1bkq5qsqv2qyy52124i
Hibernate: drop table Categoria
Hibernate: drop table Cliente
Hibernate: drop table Producto
Hibernate: drop table producto_vendido
Hibernate: drop table Promocion
Hibernate: drop table Tarjeta
Hibernate: drop table Venta
Hibernate: drop sequence Categoria_SEQ restrict
Hibernate: drop sequence Cliente_SEQ restrict
Hibernate: drop sequence Producto_SEQ restrict
Hibernate: drop sequence producto_vendido_SEQ restrict
Hibernate: drop sequence Promocion_SEQ restrict
Hibernate: drop sequence Tarjeta_SEQ restrict
Hibernate: drop sequence Venta_SEQ restrict
Hibernate: create sequence Categoria_SEQ start with 1 increment by 50
14:49:32.718 [main] INFO org.hibernate.orm.connections.access -- HHH10001501: Connection obtained from JdbcConnectionAccess [org.hibernate.engine.jdbc.env.internal.JdbcEnvironmentInitiator$ConnectionProviderJdbcConnectionAccess@627b5e5b] for (non-JTA) DDL execution was not in auto-commit mode; the Connection 'local transaction' will be committed and the Connection will be set into auto-commit mode.
Hibernate: create sequence Cliente_SEQ start with 1 increment by 50
Hibernate: create sequence Producto_SEQ start with 1 increment by 50
Hibernate: create sequence producto_vendido_SEQ start with 1 increment by 50
Hibernate: create sequence Promocion_SEQ start with 1 increment by 50
Hibernate: create sequence Tarjeta_SEQ start with 1 increment by 50
Hibernate: create sequence Venta_SEQ start with 1 increment by 50
Hibernate: create table Categoria (id bigint not null, tipo varchar(255), primary key (id))
Hibernate: create table Cliente (id bigint not null, apellido varchar(255), dni varchar(255) unique, email varchar(255), nombre varchar(255), primary key (id))
Hibernate: create table Producto (precio float(52) not null, categoria_id bigint, id bigint not null, codigo varchar(255) unique, descripcion varchar(255), nombre varchar(255), primary key (id))
Hibernate: create table producto_vendido (precio float(52) not null, categoria_id bigint, id bigint not null, id_venta bigint, codigo varchar(255), descripcion varchar(255), nombre varchar(255), primary key (id))
Hibernate: create table Promocion (descuento float(52) not null, fecha_fin date, fecha_inicio date, id bigint not null, tarjeta_id bigint, tipo_promocion varchar(31) not null, nombre varchar(255), primary key (id))
Hibernate: create table Tarjeta (activa boolean not null, fondos_disponibles float(52), id bigint not null, id_cliente bigint, nombre varchar(255), numero_tarjeta varchar(255), primary key (id))
Hibernate: create table Venta (fecha date, monto_total float(52), cliente_id bigint, id bigint not null, primary key (id))
Hibernate: alter table Producto add constraint FK1c1lfcsftxf2tsvnljv4hh9or foreign key (categoria_id) references Categoria
Hibernate: alter table producto_vendido add constraint FK57pwr6kpagunintlgs3foe07h foreign key (categoria_id) references Categoria
Hibernate: alter table producto_vendido add constraint FK19ifg5dswmjghfh6yj7sycinm foreign key (id_venta) references Venta
Hibernate: alter table Promocion add constraint FK3acoavp2lmq4r6i474na3lga8 foreign key (tarjeta_id) references Tarjeta
Hibernate: alter table Tarjeta add constraint FKrehkv3i3agm32o92t5ekpdbni foreign key (id_cliente) references Cliente
Hibernate: alter table Venta add constraint FKbv0rwi1bkq5qsqv2qyy52124i foreign key (cliente_id) references Cliente
Hibernate: values next value for Tarjeta_SEQ
Hibernate: insert into Tarjeta (activa,fondos_disponibles,nombre,numero_tarjeta,id) values (?,?,?,?,?)
Hibernate: select t1_0.id,t1_0.activa,t1_0.fondos_disponibles,t1_0.nombre,t1_0.numero_tarjeta from Tarjeta t1_0 where t1_0.nombre=?
Hibernate: values next value for Promocion_SEQ
Hibernate: insert into Promocion (descuento,fecha_fin,fecha_inicio,tarjeta_id,tipo_promocion,id) values (?,?,?,?,'PC',?)
Hibernate: select p1_0.id,p1_0.descuento,p1_0.fecha_fin,p1_0.fecha_inicio,p1_0.tarjeta_id from Promocion p1_0 where p1_0.descuento=? and p1_0.tipo_promocion='PC'
Hibernate: select t1_0.id,t1_0.activa,t1_0.fondos_disponibles,t1_0.nombre,t1_0.numero_tarjeta from Tarjeta t1_0 where t1_0.id=?
14:49:33.007 [main] INFO org.hibernate.orm.connections.pooling -- HHH10001008: Cleaning up connection pool [jdbc:derby:memory:userauth;create=true]
]]></system-out>
  </testcase>
  <testcase name="Should_BeTrue_When_AProductDiscountIsCreated" classname="ar.unrn.tp.jpa.servicios.DescuentoServiceTest" time="0.382">
    <system-out><![CDATA[14:49:33.022 [main] INFO org.hibernate.jpa.internal.util.LogHelper -- HHH000204: Processing PersistenceUnitInfo [name: jpa-derby-embedded]
14:49:33.024 [main] WARN org.hibernate.orm.deprecation -- HHH90000021: Encountered deprecated setting [javax.persistence.jdbc.user], use [jakarta.persistence.jdbc.user] instead
14:49:33.024 [main] WARN org.hibernate.orm.deprecation -- HHH90000021: Encountered deprecated setting [javax.persistence.jdbc.password], use [jakarta.persistence.jdbc.password] instead
14:49:33.024 [main] WARN org.hibernate.orm.deprecation -- HHH90000021: Encountered deprecated setting [javax.persistence.jdbc.url], use [jakarta.persistence.jdbc.url] instead
14:49:33.024 [main] WARN org.hibernate.orm.deprecation -- HHH90000021: Encountered deprecated setting [javax.persistence.jdbc.driver], use [jakarta.persistence.jdbc.driver] instead
14:49:33.080 [main] WARN org.hibernate.orm.connections.pooling -- HHH10001002: Using built-in connection pool (not intended for production use)
14:49:33.082 [main] INFO org.hibernate.orm.connections.pooling -- HHH10001005: Loaded JDBC driver class: org.apache.derby.jdbc.EmbeddedDriver
14:49:33.082 [main] INFO org.hibernate.orm.connections.pooling -- HHH10001012: Connecting with JDBC URL [jdbc:derby:memory:userauth;create=true]
14:49:33.082 [main] INFO org.hibernate.orm.connections.pooling -- HHH10001001: Connection properties: {password=****, user=app}
14:49:33.083 [main] INFO org.hibernate.orm.connections.pooling -- HHH10001003: Autocommit mode: false
14:49:33.083 [main] INFO org.hibernate.orm.connections.pooling -- HHH10001115: Connection pool size: 20 (min=1)
14:49:33.122 [main] INFO org.hibernate.bytecode.internal.BytecodeProviderInitiator -- HHH000021: Bytecode provider name : bytebuddy
14:49:33.252 [main] INFO org.hibernate.engine.transaction.jta.platform.internal.JtaPlatformInitiator -- HHH000490: Using JtaPlatform implementation: [org.hibernate.engine.transaction.jta.platform.internal.NoJtaPlatform]
Hibernate: alter table Producto drop constraint FK1c1lfcsftxf2tsvnljv4hh9or
14:49:33.252 [main] INFO org.hibernate.orm.connections.access -- HHH10001501: Connection obtained from JdbcConnectionAccess [org.hibernate.engine.jdbc.env.internal.JdbcEnvironmentInitiator$ConnectionProviderJdbcConnectionAccess@4caeeab6] for (non-JTA) DDL execution was not in auto-commit mode; the Connection 'local transaction' will be committed and the Connection will be set into auto-commit mode.
Hibernate: alter table producto_vendido drop constraint FK57pwr6kpagunintlgs3foe07h
Hibernate: alter table producto_vendido drop constraint FK19ifg5dswmjghfh6yj7sycinm
Hibernate: alter table Promocion drop constraint FK3acoavp2lmq4r6i474na3lga8
Hibernate: alter table Tarjeta drop constraint FKrehkv3i3agm32o92t5ekpdbni
Hibernate: alter table Venta drop constraint FKbv0rwi1bkq5qsqv2qyy52124i
Hibernate: drop table Categoria
Hibernate: drop table Cliente
Hibernate: drop table Producto
Hibernate: drop table producto_vendido
Hibernate: drop table Promocion
Hibernate: drop table Tarjeta
Hibernate: drop table Venta
Hibernate: drop sequence Categoria_SEQ restrict
Hibernate: drop sequence Cliente_SEQ restrict
Hibernate: drop sequence Producto_SEQ restrict
Hibernate: drop sequence producto_vendido_SEQ restrict
Hibernate: drop sequence Promocion_SEQ restrict
Hibernate: drop sequence Tarjeta_SEQ restrict
Hibernate: drop sequence Venta_SEQ restrict
Hibernate: create sequence Categoria_SEQ start with 1 increment by 50
14:49:33.300 [main] INFO org.hibernate.orm.connections.access -- HHH10001501: Connection obtained from JdbcConnectionAccess [org.hibernate.engine.jdbc.env.internal.JdbcEnvironmentInitiator$ConnectionProviderJdbcConnectionAccess@60f10f6a] for (non-JTA) DDL execution was not in auto-commit mode; the Connection 'local transaction' will be committed and the Connection will be set into auto-commit mode.
Hibernate: create sequence Cliente_SEQ start with 1 increment by 50
Hibernate: create sequence Producto_SEQ start with 1 increment by 50
Hibernate: create sequence producto_vendido_SEQ start with 1 increment by 50
Hibernate: create sequence Promocion_SEQ start with 1 increment by 50
Hibernate: create sequence Tarjeta_SEQ start with 1 increment by 50
Hibernate: create sequence Venta_SEQ start with 1 increment by 50
Hibernate: create table Categoria (id bigint not null, tipo varchar(255), primary key (id))
Hibernate: create table Cliente (id bigint not null, apellido varchar(255), dni varchar(255) unique, email varchar(255), nombre varchar(255), primary key (id))
Hibernate: create table Producto (precio float(52) not null, categoria_id bigint, id bigint not null, codigo varchar(255) unique, descripcion varchar(255), nombre varchar(255), primary key (id))
Hibernate: create table producto_vendido (precio float(52) not null, categoria_id bigint, id bigint not null, id_venta bigint, codigo varchar(255), descripcion varchar(255), nombre varchar(255), primary key (id))
Hibernate: create table Promocion (descuento float(52) not null, fecha_fin date, fecha_inicio date, id bigint not null, tarjeta_id bigint, tipo_promocion varchar(31) not null, nombre varchar(255), primary key (id))
Hibernate: create table Tarjeta (activa boolean not null, fondos_disponibles float(52), id bigint not null, id_cliente bigint, nombre varchar(255), numero_tarjeta varchar(255), primary key (id))
Hibernate: create table Venta (fecha date, monto_total float(52), cliente_id bigint, id bigint not null, primary key (id))
Hibernate: alter table Producto add constraint FK1c1lfcsftxf2tsvnljv4hh9or foreign key (categoria_id) references Categoria
Hibernate: alter table producto_vendido add constraint FK57pwr6kpagunintlgs3foe07h foreign key (categoria_id) references Categoria
Hibernate: alter table producto_vendido add constraint FK19ifg5dswmjghfh6yj7sycinm foreign key (id_venta) references Venta
Hibernate: alter table Promocion add constraint FK3acoavp2lmq4r6i474na3lga8 foreign key (tarjeta_id) references Tarjeta
Hibernate: alter table Tarjeta add constraint FKrehkv3i3agm32o92t5ekpdbni foreign key (id_cliente) references Cliente
Hibernate: alter table Venta add constraint FKbv0rwi1bkq5qsqv2qyy52124i foreign key (cliente_id) references Cliente
Hibernate: values next value for Promocion_SEQ
Hibernate: insert into Promocion (descuento,fecha_fin,fecha_inicio,nombre,tipo_promocion,id) values (?,?,?,?,'PP',?)
Hibernate: select p1_0.id,p1_0.descuento,p1_0.fecha_fin,p1_0.fecha_inicio,p1_0.nombre from Promocion p1_0 where p1_0.descuento=? and p1_0.tipo_promocion='PP'
14:49:33.390 [main] INFO org.hibernate.orm.connections.pooling -- HHH10001008: Cleaning up connection pool [jdbc:derby:memory:userauth;create=true]
]]></system-out>
  </testcase>
</testsuite>